#
# A fatal error has been detected by the Java Runtime Environment:
#
#  EXCEPTION_ACCESS_VIOLATION (0xc0000005) at pc=0x000007fefdcb9123, pid=2588, tid=2268
#
# JRE version: Java(TM) SE Runtime Environment (8.0_45-b14) (build 1.8.0_45-b14)
# Java VM: Java HotSpot(TM) 64-Bit Server VM (25.45-b02 mixed mode windows-amd64 compressed oops)
# Problematic frame:
# C  [KERNELBASE.dll+0x39123]
#
# Failed to write core dump. Minidumps are not enabled by default on client versions of Windows
#
# If you would like to submit a bug report, please visit:
#   http://bugreport.java.com/bugreport/crash.jsp
# The crash happened outside the Java Virtual Machine in native code.
# See problematic frame for where to report the bug.
#

---------------  T H R E A D  ---------------

Current thread (0x00000000021fd800):  JavaThread "main" [_thread_in_native, id=2268, stack(0x0000000002490000,0x0000000002590000)]

siginfo: ExceptionCode=0xc0000005, writing address 0x0000000180016daa

Registers:
RAX=0x00000000ffffffff, RBX=0x0000000000000001, RCX=0x000007fffffdf000, RDX=0x0000000000000000
RSP=0x000000000258e9f0, RBP=0x0000000180016daa, RSI=0x00000000f004eb48, RDI=0x0000000000000000
R8 =0x00000000007b7863, R9 =0x00000000018ffdff, R10=0x0000000000000000, R11=0x0000000000000008
R12=0x0000000000000000, R13=0x0000000053deff10, R14=0x000000000258f330, R15=0x00000000021fd800
RIP=0x000007fefdcb9123, EFLAGS=0x0000000000010206

Top of Stack: (sp=0x000000000258e9f0)
0x000000000258e9f0:   000000000258eae0 0000000053deff10
0x000000000258ea00:   0000000000000001 0000000077c50ded
0x000000000258ea10:   0000000000000003 0000000000800021
0x000000000258ea20:   00000000000002b0 00000000021a000e
0x000000000258ea30:   00000000002a5c60 0000000000000000
0x000000000258ea40:   0000000000000018 00000000018ffdff
0x000000000258ea50:   00000000007b7863 0000020000000008
0x000000000258ea60:   0000000100000030 0000000000000000
0x000000000258ea70:   000000000258ea28 0000000000000040
0x000000000258ea80:   0000000000000000 0000000000000000
0x000000000258ea90:   0000000000000000 0000000000000001
0x000000000258eaa0:   0000000180016daa 000007fefdcbcdc1
0x000000000258eab0:   000000000000005c 00000000f004eb48
0x000000000258eac0:   000000000258eb70 cccccccccccccccc
0x000000000258ead0:   00000000f004eb48 cccccccccccccccc
0x000000000258eae0:   cccccccc00080006 00000000002c5340 

Instructions: (pc=0x000007fefdcb9123)
0x000007fefdcb9103:   02 00 00 c1 ef 03 83 e7 01 44 39 64 24 5c 44 0f
0x000007fefdcb9113:   45 c8 44 39 64 24 64 44 0f 45 c0 49 3b ec 74 04
0x000007fefdcb9123:   44 89 5d 00 44 8b 54 24 6c 49 3b dc 74 03 44 89
0x000007fefdcb9133:   13 48 83 cb ff bd ff ff ff 7f 49 3b f4 74 29 41 


Register to memory mapping:

RAX=0x00000000ffffffff is an unallocated location in the heap
RBX=0x0000000000000001 is an unknown value
RCX=0x000007fffffdf000 is an unknown value
RDX=0x0000000000000000 is an unknown value
RSP=0x000000000258e9f0 is pointing into the stack for thread: 0x00000000021fd800
RBP=0x0000000180016daa is an unknown value
RSI=0x00000000f004eb48 is an oop
java.util.Vector 
 - klass: 'java/util/Vector'
RDI=0x0000000000000000 is an unknown value
R8 =0x00000000007b7863 is an unknown value
R9 =0x00000000018ffdff is an unknown value
R10=0x0000000000000000 is an unknown value
R11=0x0000000000000008 is an unknown value
R12=0x0000000000000000 is an unknown value
R13={method} {0x0000000053deff18} 'invokeInt' '(JI[Ljava/lang/Object;)I' in 'com/sun/jna/Native'
R14=0x000000000258f330 is pointing into the stack for thread: 0x00000000021fd800
R15=0x00000000021fd800 is a thread


Stack: [0x0000000002490000,0x0000000002590000],  sp=0x000000000258e9f0,  free space=1018k
Native frames: (J=compiled Java code, j=interpreted, Vv=VM code, C=native code)
C  [KERNELBASE.dll+0x39123]
C  [KERNELBASE.dll+0x3cdc1]
C  [kernel32.dll+0x4c4d3]
C  [jna1900926752398829010.dll+0x16df3]
C  [jna1900926752398829010.dll+0xf84a]
C  [jna1900926752398829010.dll+0x3c50]
C  [jna1900926752398829010.dll+0x4b37]
C  0x0000000002875e14

Java frames: (J=compiled Java code, j=interpreted, Vv=VM code)
j  com.sun.jna.Native.invokeInt(JI[Ljava/lang/Object;)I+0
j  com.sun.jna.Function.invoke([Ljava/lang/Object;Ljava/lang/Class;Z)Ljava/lang/Object;+333
j  com.sun.jna.Function.invoke(Ljava/lang/Class;[Ljava/lang/Object;Ljava/util/Map;)Ljava/lang/Object;+214
j  com.sun.jna.Library$Handler.invoke(Ljava/lang/Object;Ljava/lang/reflect/Method;[Ljava/lang/Object;)Ljava/lang/Object;+341
j  com.sun.proxy.$Proxy0.GetDiskFreeSpaceA(Ljava/lang/String;)I+16
j  Opdracht2.Run.main([Ljava/lang/String;)V+13
v  ~StubRoutines::call_stub

---------------  P R O C E S S  ---------------

Java Threads: ( => current thread )
  0x00000000543cf000 JavaThread "Service Thread" daemon [_thread_blocked, id=2892, stack(0x0000000055290000,0x0000000055390000)]
  0x0000000054375000 JavaThread "C1 CompilerThread1" daemon [_thread_blocked, id=3272, stack(0x00000000555e0000,0x00000000556e0000)]
  0x0000000054368800 JavaThread "C2 CompilerThread0" daemon [_thread_blocked, id=3184, stack(0x0000000054e70000,0x0000000054f70000)]
  0x0000000054366800 JavaThread "Attach Listener" daemon [_thread_blocked, id=5040, stack(0x0000000055420000,0x0000000055520000)]
  0x0000000054365800 JavaThread "Signal Dispatcher" daemon [_thread_blocked, id=4220, stack(0x0000000055190000,0x0000000055290000)]
  0x0000000054306000 JavaThread "Finalizer" daemon [_thread_blocked, id=668, stack(0x0000000055080000,0x0000000055180000)]
  0x0000000054303000 JavaThread "Reference Handler" daemon [_thread_blocked, id=880, stack(0x0000000054f80000,0x0000000055080000)]
=>0x00000000021fd800 JavaThread "main" [_thread_in_native, id=2268, stack(0x0000000002490000,0x0000000002590000)]

Other Threads:
  0x00000000542fd000 VMThread [stack: 0x0000000054d70000,0x0000000054e70000] [id=4492]
  0x00000000556f4800 WatcherThread [stack: 0x0000000055b80000,0x0000000055c80000] [id=2680]

VM state:not at safepoint (normal execution)

VM Mutex/Monitor currently owned by a thread: None

Heap:
 PSYoungGen      total 14336K, used 2740K [0x00000000f0000000, 0x00000000f1000000, 0x0000000100000000)
  eden space 12288K, 22% used [0x00000000f0000000,0x00000000f02ad198,0x00000000f0c00000)
  from space 2048K, 0% used [0x00000000f0e00000,0x00000000f0e00000,0x00000000f1000000)
  to   space 2048K, 0% used [0x00000000f0c00000,0x00000000f0c00000,0x00000000f0e00000)
 ParOldGen       total 32768K, used 0K [0x00000000d0000000, 0x00000000d2000000, 0x00000000f0000000)
  object space 32768K, 0% used [0x00000000d0000000,0x00000000d0000000,0x00000000d2000000)
 Metaspace       used 4807K, capacity 4980K, committed 5248K, reserved 1056768K
  class space    used 529K, capacity 560K, committed 640K, reserved 1048576K

Card table byte_map: [0x0000000011c20000,0x0000000011db0000] byte_map_base: 0x00000000115a0000

Marking Bits: (ParMarkBitMap*) 0x00000000693b4040
 Begin Bits: [0x0000000012050000, 0x0000000012c50000)
 End Bits:   [0x0000000012c50000, 0x0000000013850000)

Polling page: 0x0000000000240000

CodeCache: size=245760Kb used=1395Kb max_used=1395Kb free=244364Kb
 bounds [0x0000000002860000, 0x0000000002ad0000, 0x0000000011860000]
 total_blobs=463 nmethods=161 adapters=215
 compilation: enabled

Compilation events (10 events):
Event: 1.120 Thread 0x0000000054375000  159       1       java.util.ArrayList::access$100 (5 bytes)
Event: 1.120 Thread 0x0000000054375000 nmethod 159 0x00000000029bb110 code [0x00000000029bb260, 0x00000000029bb350]
Event: 1.120 Thread 0x0000000054375000  157       1       java.lang.Short::shortValue (5 bytes)
Event: 1.120 Thread 0x0000000054375000 nmethod 157 0x00000000029bae50 code [0x00000000029bafa0, 0x00000000029bb0b0]
Event: 1.120 Thread 0x0000000054375000  155       3       java.util.ArrayList::ensureExplicitCapacity (26 bytes)
Event: 1.121 Thread 0x0000000054375000 nmethod 155 0x00000000029baa10 code [0x00000000029bab80, 0x00000000029bad68]
Event: 1.121 Thread 0x0000000054375000  156       3       java.util.ArrayList::add (29 bytes)
Event: 1.122 Thread 0x0000000054375000 nmethod 156 0x00000000029ba150 code [0x00000000029ba2e0, 0x00000000029ba7e8]
Event: 1.122 Thread 0x0000000054375000  158       3       java.lang.Number::<init> (5 bytes)
Event: 1.123 Thread 0x0000000054375000 nmethod 158 0x00000000029b9d50 code [0x00000000029b9ea0, 0x00000000029ba050]

GC Heap History (0 events):
No events

Deoptimization events (0 events):
No events

Internal exceptions (7 events):
Event: 0.173 Thread 0x00000000021fd800 Exception <a 'java/lang/NoSuchMethodError': Method sun.misc.Unsafe.defineClass(Ljava/lang/String;[BII)Ljava/lang/Class; name or signature does not match> (0x00000000f000d400) thrown at [C:\re\workspace\8-2-build-windows-amd64-cygwin\jdk8u45\3457\hotspot\srÞ²žµ6Æ?
Event: 0.174 Thread 0x00000000021fd800 Exception <a 'java/lang/NoSuchMethodError': Method sun.misc.Unsafe.prefetchRead(Ljava/lang/Object;J)V name or signature does not match> (0x00000000f000d690) thrown at [C:\re\workspace\8-2-build-windows-amd64-cygwin\jdk8u45\3457\hotspot\src\share\vm\prims\jû™Õ–•Aá?
Event: 0.539 Thread 0x00000000021fd800 Exception <a 'java/security/PrivilegedActionException'> (0x00000000f0178170) thrown at [C:\re\workspace\8-2-build-windows-amd64-cygwin\jdk8u45\3457\hotspot\src\share\vm\prims\jvm.cpp, line 1382]
Event: 0.539 Thread 0x00000000021fd800 Exception <a 'java/security/PrivilegedActionException'> (0x00000000f0178328) thrown at [C:\re\workspace\8-2-build-windows-amd64-cygwin\jdk8u45\3457\hotspot\src\share\vm\prims\jvm.cpp, line 1382]
Event: 0.546 Thread 0x00000000021fd800 Exception <a 'java/security/PrivilegedActionException'> (0x00000000f017c2e8) thrown at [C:\re\workspace\8-2-build-windows-amd64-cygwin\jdk8u45\3457\hotspot\src\share\vm\prims\jvm.cpp, line 1382]
Event: 0.546 Thread 0x00000000021fd800 Exception <a 'java/security/PrivilegedActionException'> (0x00000000f017c4a0) thrown at [C:\re\workspace\8-2-build-windows-amd64-cygwin\jdk8u45\3457\hotspot\src\share\vm\prims\jvm.cpp, line 1382]
Event: 0.575 Thread 0x00000000021fd800 Exception <a 'java/io/FileNotFoundException'> (0x00000000f0183c70) thrown at [C:\re\workspace\8-2-build-windows-amd64-cygwin\jdk8u45\3457\hotspot\src\share\vm\prims\jni.cpp, line 709]

Events (10 events):
Event: 1.118 loading class java/lang/reflect/UndeclaredThrowableException
Event: 1.118 loading class java/lang/reflect/UndeclaredThrowableException done
Event: 1.120 loading class com/sun/jna/Library$Handler$FunctionInfo
Event: 1.120 loading class com/sun/jna/Library$Handler$FunctionInfo done
Event: 1.122 loading class java/lang/reflect/TypeVariable
Event: 1.122 loading class java/lang/reflect/TypeVariable done
Event: 1.122 loading class java/lang/reflect/AnnotatedType
Event: 1.122 loading class java/lang/reflect/AnnotatedType done
Event: 1.124 loading class com/sun/jna/NativeString
Event: 1.124 loading class com/sun/jna/NativeString done


Dynamic libraries:
0x000000013f780000 - 0x000000013f7b7000 	C:\Program Files\Java\jdk1.8.0_45\jre\bin\java.exe
0x0000000077c00000 - 0x0000000077da9000 	C:\Windows\SYSTEM32\ntdll.dll
0x00000000779e0000 - 0x0000000077b00000 	C:\Windows\system32\kernel32.dll
0x000007fefdc80000 - 0x000007fefdcec000 	C:\Windows\system32\KERNELBASE.dll
0x000007feffa20000 - 0x000007feffafb000 	C:\Windows\system32\ADVAPI32.dll
0x000007feffe70000 - 0x000007fefff0f000 	C:\Windows\system32\msvcrt.dll
0x000007fefdde0000 - 0x000007fefddff000 	C:\Windows\SYSTEM32\sechost.dll
0x000007feffd40000 - 0x000007feffe6d000 	C:\Windows\system32\RPCRT4.dll
0x0000000077b00000 - 0x0000000077bfa000 	C:\Windows\system32\USER32.dll
0x000007fefe4b0000 - 0x000007fefe517000 	C:\Windows\system32\GDI32.dll
0x000007feffd30000 - 0x000007feffd3e000 	C:\Windows\system32\LPK.dll
0x000007fefeae0000 - 0x000007fefebaa000 	C:\Windows\system32\USP10.dll
0x000007fefc3c0000 - 0x000007fefc5b4000 	C:\Windows\WinSxS\amd64_microsoft.windows.common-controls_6595b64144ccf1df_6.0.7601.18837_none_fa3b1e3d17594757\COMCTL32.dll
0x000007fefdd60000 - 0x000007fefddd1000 	C:\Windows\system32\SHLWAPI.dll
0x000007feffb20000 - 0x000007feffb4e000 	C:\Windows\system32\IMM32.DLL
0x000007fefe350000 - 0x000007fefe459000 	C:\Windows\system32\MSCTF.dll
0x000000006a950000 - 0x000000006aa22000 	C:\Program Files\Java\jdk1.8.0_45\jre\bin\msvcr100.dll
0x0000000068bb0000 - 0x0000000069433000 	C:\Program Files\Java\jdk1.8.0_45\jre\bin\server\jvm.dll
0x000007fef59b0000 - 0x000007fef59b9000 	C:\Windows\system32\WSOCK32.dll
0x000007fefe460000 - 0x000007fefe4ad000 	C:\Windows\system32\WS2_32.dll
0x000007fefe010000 - 0x000007fefe018000 	C:\Windows\system32\NSI.dll
0x000007fefa400000 - 0x000007fefa43b000 	C:\Windows\system32\WINMM.dll
0x000007fefca80000 - 0x000007fefca8c000 	C:\Windows\system32\VERSION.dll
0x0000000077dd0000 - 0x0000000077dd7000 	C:\Windows\system32\PSAPI.DLL
0x0000000073a20000 - 0x0000000073a2f000 	C:\Program Files\Java\jdk1.8.0_45\jre\bin\verify.dll
0x0000000073840000 - 0x0000000073869000 	C:\Program Files\Java\jdk1.8.0_45\jre\bin\java.dll
0x0000000073a00000 - 0x0000000073a16000 	C:\Program Files\Java\jdk1.8.0_45\jre\bin\zip.dll
0x000007fefec90000 - 0x000007feffa19000 	C:\Windows\system32\SHELL32.dll
0x000007fefde00000 - 0x000007fefe003000 	C:\Windows\system32\ole32.dll
0x000007fefd9a0000 - 0x000007fefd9af000 	C:\Windows\system32\profapi.dll
0x000000006a7b0000 - 0x000000006a948000 	C:\Program Files\Java\jdk1.8.0_45\jre\bin\awt.dll
0x000007fefebb0000 - 0x000007fefec87000 	C:\Windows\system32\OLEAUT32.dll
0x000007fefd1a0000 - 0x000007fefd1b8000 	C:\Windows\system32\CRYPTSP.dll
0x000007fefcea0000 - 0x000007fefcee7000 	C:\Windows\system32\rsaenh.dll
0x000007fefdb80000 - 0x000007fefdb9e000 	C:\Windows\system32\USERENV.dll
0x000007fefd840000 - 0x000007fefd84f000 	C:\Windows\system32\CRYPTBASE.dll
0x00000000713a0000 - 0x00000000713ba000 	C:\Program Files\Java\jdk1.8.0_45\jre\bin\net.dll
0x000007fefd140000 - 0x000007fefd195000 	C:\Windows\system32\mswsock.dll
0x000007fefd130000 - 0x000007fefd137000 	C:\Windows\System32\wship6.dll
0x000007fefb4e0000 - 0x000007fefb507000 	C:\Windows\system32\IPHLPAPI.DLL
0x000007fefb4d0000 - 0x000007fefb4db000 	C:\Windows\system32\WINNSI.DLL
0x000007fefb360000 - 0x000007fefb371000 	C:\Windows\system32\dhcpcsvc6.DLL
0x000007fefb330000 - 0x000007fefb348000 	C:\Windows\system32\dhcpcsvc.DLL
0x000000006eec0000 - 0x000000006eed1000 	C:\Program Files\Java\jdk1.8.0_45\jre\bin\nio.dll
0x0000000180000000 - 0x0000000180038000 	C:\Users\Vito Corleone\AppData\Local\Temp\jna\jna1900926752398829010.dll
0x000007fef6b80000 - 0x000007fef6ca5000 	C:\Windows\system32\dbghelp.dll

VM Arguments:
jvm_args: -Dfile.encoding=UTF-8 
java_command: Opdracht2.Run
java_class_path (initial): C:\Users\Vito Corleone\Desktop\jna3.4.0\jna.jar;C:\Users\Vito Corleone\Desktop\jna3.4.0\platform.jar;C:\Users\Vito Corleone\Documents\NetBeansProjects\w17JNA\build\classes
Launcher Type: SUN_STANDARD

Environment Variables:
PATH=C:\ProgramData\Oracle\Java\javapath;C:\oraclexe\app\oracle\product\11.2.0\server\bin;C:\Windows\system32;C:\Windows;C:\Windows\System32\Wbem;C:\Windows\System32\WindowsPowerShell\v1.0\;C:\Program Files (x86)\Windows Kits\8.1\Windows Performance Toolkit\;C:\Program Files\Microsoft SQL Server\110\Tools\Binn\;C:\Program Files (x86)\Microsoft SDKs\TypeScript\1.0\;C:\Program Files\Microsoft SQL Server\120\Tools\Binn\
USERNAME=Vito Corleone
OS=Windows_NT
PROCESSOR_IDENTIFIER=Intel64 Family 6 Model 69 Stepping 1, GenuineIntel



---------------  S Y S T E M  ---------------

OS: Windows 7 , 64 bit Build 7601 (6.1.7601.19045)

CPU:total 2 (2 cores per cpu, 1 threads per core) family 6 model 69 stepping 1, cmov, cx8, fxsr, mmx, sse, sse2, sse3, ssse3, sse4.1, sse4.2, popcnt, avx, avx2, aes, clmul, erms, lzcnt, tsc, tscinvbit, bmi1, bmi2

Memory: 4k page, physical 3145208k(688340k free), swap 6288580k(3166880k free)

vm_info: Java HotSpot(TM) 64-Bit Server VM (25.45-b02) for windows-amd64 JRE (1.8.0_45-b14), built on Apr 10 2015 10:34:15 by "java_re" with MS VC++ 10.0 (VS2010)

time: Wed Jan 13 11:22:59 2016
elapsed time: 1 seconds (0d 0h 0m 1s)

